2024-10-13 16:59:36.993 PM::info::"dd43a3da-9b41-40e2-ad2f-f2c081e8867f"::/v1/api/shop/signup::9c257916-8094-48d7-84f0-35d58cff6d1f::Request received::"{\n  \"name\": \"Shop TIPS\",\n  \"email\": \"shoptipjs1@gmail.com\",\n  \"password\": \"abc123\"\n}"
2024-10-13 16:59:37.039 PM::info::"09e371bf-c91a-482c-81ff-379c0b975978"::/v1/api/shop/signup::ff4a930f-1f81-420e-83a5-e63106044fe2::Request received::"{\n  \"name\": \"Shop TIPS\",\n  \"email\": \"shoptipjs1@gmail.com\",\n  \"password\": \"abc123\"\n}"
2024-10-13 16:59:37.054 PM::info::"bb18cbff-d3c6-42c1-afb6-195caa3baf77"::/v1/api/shop/signup::4023c9ff-a4a4-451d-928f-1ac3c3825383::Request received::"{\n  \"name\": \"Shop TIPS\",\n  \"email\": \"shoptipjs1@gmail.com\",\n  \"password\": \"abc123\"\n}"
2024-10-13 16:59:37.073 PM::error::"dd43a3da-9b41-40e2-ad2f-f2c081e8867f"::/v1/api/shop/signup::9c257916-8094-48d7-84f0-35d58cff6d1f::An error occurred::"{\n  \"resMessage\": \"undefined - NaNms - RESPONSE: \\\"fn is not a function\\\"\"\n}"
2024-10-13 16:59:37.086 PM::error::"09e371bf-c91a-482c-81ff-379c0b975978"::/v1/api/shop/signup::ff4a930f-1f81-420e-83a5-e63106044fe2::An error occurred::"{\n  \"resMessage\": \"undefined - NaNms - RESPONSE: \\\"fn is not a function\\\"\"\n}"
2024-10-13 16:59:37.091 PM::error::"bb18cbff-d3c6-42c1-afb6-195caa3baf77"::/v1/api/shop/signup::4023c9ff-a4a4-451d-928f-1ac3c3825383::An error occurred::"{\n  \"resMessage\": \"undefined - NaNms - RESPONSE: \\\"fn is not a function\\\"\"\n}"
2024-10-13 16:59:37.216 PM::info::"bb18cbff-d3c6-42c1-afb6-195caa3baf77"::/v1/api/shop/signup::f89653f4-c0b8-465a-8817-8bebd809113a::Request received::"{\n  \"name\": \"Shop TIPS\",\n  \"email\": \"shoptipjs1@gmail.com\",\n  \"password\": \"abc123\"\n}"
2024-10-13 16:59:37.221 PM::error::"bb18cbff-d3c6-42c1-afb6-195caa3baf77"::/v1/api/shop/signup::f89653f4-c0b8-465a-8817-8bebd809113a::An error occurred::"{\n  \"resMessage\": \"undefined - NaNms - RESPONSE: \\\"fn is not a function\\\"\"\n}"
2024-10-13 19:20:39.117 PM::info::"4e53112f-e33a-4f7c-bd40-ea24d46787ab"::/v1/api/shop/signup::6be6c462-98fa-4b28-9bce-e64ad7f27006::Request received::"{\n  \"name\": \"Shop TIPS\",\n  \"email\": \"shoptipjs1@gmail.com\",\n  \"password\": \"abc123\"\n}"
2024-10-13 19:20:39.130 PM::error::"4e53112f-e33a-4f7c-bd40-ea24d46787ab"::/v1/api/shop/signup::6be6c462-98fa-4b28-9bce-e64ad7f27006::An error occurred::"{\n  \"resMessage\": \"undefined - NaNms - RESPONSE: \\\"Shop is not defined\\\"\"\n}"
2024-10-13 19:20:39.281 PM::info::"4e53112f-e33a-4f7c-bd40-ea24d46787ab"::/v1/api/shop/signup::e69f9517-2714-4b3a-bf17-d49353d29abd::Request received::"{\n  \"name\": \"Shop TIPS\",\n  \"email\": \"shoptipjs1@gmail.com\",\n  \"password\": \"abc123\"\n}"
2024-10-13 19:20:39.287 PM::error::"4e53112f-e33a-4f7c-bd40-ea24d46787ab"::/v1/api/shop/signup::e69f9517-2714-4b3a-bf17-d49353d29abd::An error occurred::"{\n  \"resMessage\": \"undefined - NaNms - RESPONSE: \\\"Shop is not defined\\\"\"\n}"
2024-10-13 19:23:39.337 PM::info::"598922e2-5b39-476b-a2aa-fb78a5988afc"::/v1/api/shop/login::a81905de-c23b-48a2-ad82-27803ef1ca66::Request received::"{\n  \"name\": \"Shop Test\",\n  \"email\": \"test@gmail.com\",\n  \"password\": \"123456\"\n}"
2024-10-13 19:23:39.375 PM::error::"598922e2-5b39-476b-a2aa-fb78a5988afc"::/v1/api/shop/login::a81905de-c23b-48a2-ad82-27803ef1ca66::An error occurred::"{\n  \"resMessage\": \"403 - 0ms - RESPONSE: \\\"Error: Shop not registered!\\\"\"\n}"
2024-10-13 19:24:07.612 PM::info::"598922e2-5b39-476b-a2aa-fb78a5988afc"::/v1/api/shop/signup::88b9289d-6c72-414d-87f0-f24dc4ff09dd::Request received::"{\n  \"name\": \"Shop Test\",\n  \"email\": \"test@gmail.com\",\n  \"password\": \"123456\"\n}"
2024-10-13 19:24:07.619 PM::error::"598922e2-5b39-476b-a2aa-fb78a5988afc"::/v1/api/shop/signup::88b9289d-6c72-414d-87f0-f24dc4ff09dd::An error occurred::"{\n  \"resMessage\": \"undefined - NaNms - RESPONSE: \\\"Shop is not defined\\\"\"\n}"
2024-10-13 19:25:46.351 PM::info::"598922e2-5b39-476b-a2aa-fb78a5988afc"::/v1/api/shop/signup::388d7dd3-3586-4222-a950-c48876785497::Request received::"{\n  \"name\": \"Shop Test\",\n  \"email\": \"test@gmail.com\",\n  \"password\": \"123456\"\n}"
2024-10-13 19:25:46.356 PM::error::"598922e2-5b39-476b-a2aa-fb78a5988afc"::/v1/api/shop/signup::388d7dd3-3586-4222-a950-c48876785497::An error occurred::"{\n  \"resMessage\": \"undefined - NaNms - RESPONSE: \\\"Shop is not defined\\\"\"\n}"
2024-10-13 19:32:53.567 PM::error::"756eb0ec-34ce-4a61-8f4c-4098bd0e0f3a"::/v1/api/product/spu/new::f7bf628c-273b-43cc-8bee-628ab4462a51::An error occurred::"{\n  \"resMessage\": \"400 - NaNms - RESPONSE: \\\"Unexpected token '}', ...\\\\\\\"\\\\r\\\\n        }\\\\r\\\\n    ]\\\\r\\\\n\\\\\\\"... is not valid JSON\\\"\"\n}"
2024-10-13 19:34:20.573 PM::info::"6df9146b-3cbc-4d69-a037-21a377f010d6"::/v1/api/shop/signup::f764013f-5d23-4a38-803b-135d9e66b67f::Request received::"{\n  \"name\": \"Shop Test\",\n  \"email\": \"test@gmail.com\",\n  \"password\": \"123456\"\n}"
2024-10-13 19:34:20.594 PM::error::"6df9146b-3cbc-4d69-a037-21a377f010d6"::/v1/api/shop/signup::f764013f-5d23-4a38-803b-135d9e66b67f::An error occurred::"{\n  \"resMessage\": \"undefined - NaNms - RESPONSE: \\\"Shop is not defined\\\"\"\n}"
2024-10-13 19:39:47.335 PM::info::"6df9146b-3cbc-4d69-a037-21a377f010d6"::/v1/api/shop/signup::04682e29-5029-471f-ab1a-f9c19ce3fc53::Request received::"{\n  \"name\": \"Shop Test\",\n  \"email\": \"test@gmail.com\",\n  \"password\": \"123456\"\n}"
2024-10-13 19:39:47.410 PM::error::"6df9146b-3cbc-4d69-a037-21a377f010d6"::/v1/api/shop/signup::04682e29-5029-471f-ab1a-f9c19ce3fc53::An error occurred::"{\n  \"resMessage\": \"undefined - NaNms - RESPONSE: \\\"Shop is not defined\\\"\"\n}"
2024-10-13 19:40:02.198 PM::info::"b4364bf7-03dc-41fa-9fdb-5b9050f868b5"::/v1/api/shop/signup::280a0d95-74f3-4394-9505-4e106bf8005c::Request received::"{\n  \"name\": \"Shop Test\",\n  \"email\": \"test@gmail.com\",\n  \"password\": \"123456\"\n}"
2024-10-13 19:40:26.611 PM::info::"b4364bf7-03dc-41fa-9fdb-5b9050f868b5"::/v1/api/shop/signup::dd9674fd-5a15-4c3d-9413-23c8b76bcdb7::Request received::"{\n  \"name\": \"Shop Test\",\n  \"email\": \"test@gmail.com\",\n  \"password\": \"123456\"\n}"
2024-10-13 19:40:26.623 PM::error::"b4364bf7-03dc-41fa-9fdb-5b9050f868b5"::/v1/api/shop/signup::dd9674fd-5a15-4c3d-9413-23c8b76bcdb7::An error occurred::"{\n  \"resMessage\": \"403 - 1ms - RESPONSE: \\\"Error: Shop already registered!\\\"\"\n}"
2024-10-13 19:40:32.246 PM::info::"b4364bf7-03dc-41fa-9fdb-5b9050f868b5"::/v1/api/user/signup::87b2dbe8-c967-460f-88f8-a8fee166d477::Request received::"{\n  \"name\": \"Shop Test\",\n  \"email\": \"test@gmail.com\",\n  \"password\": \"123456\"\n}"
2024-10-13 19:40:32.263 PM::error::"b4364bf7-03dc-41fa-9fdb-5b9050f868b5"::/v1/api/user/signup::87b2dbe8-c967-460f-88f8-a8fee166d477::An error occurred::"{\n  \"resMessage\": \"undefined - NaNms - RESPONSE: \\\"email is not defined\\\"\"\n}"
2024-10-13 19:43:14.897 PM::info::"b4364bf7-03dc-41fa-9fdb-5b9050f868b5"::/v1/api/shop/login::97ec2a4a-f522-4ecc-b3be-6bf4d33e86f6::Request received::"{\n  \"email\": \"test@gmail.com\",\n  \"password\": \"123456\"\n}"
2024-10-13 20:03:14.578 PM::info::"f5cbdcd7-9cf6-403c-8026-4e7be33cf348"::/v1/api/shop/change-password::4635e6e7-46d3-46c2-ba21-5e78eb18f619::Request received::"{}"
2024-10-13 20:03:14.669 PM::error::"f5cbdcd7-9cf6-403c-8026-4e7be33cf348"::/v1/api/shop/change-password::4635e6e7-46d3-46c2-ba21-5e78eb18f619::An error occurred::"{\n  \"resMessage\": \"undefined - NaNms - RESPONSE: \\\"invalid signature\\\"\"\n}"
2024-10-13 20:04:58.172 PM::info::"f5cbdcd7-9cf6-403c-8026-4e7be33cf348"::/v1/api/shop/login::3221b772-923b-4aab-a8cb-b09cf7d4c4f1::Request received::"{\n  \"email\": \"test@gmail.com\",\n  \"password\": \"123456\"\n}"
2024-10-13 20:04:58.181 PM::error::"f5cbdcd7-9cf6-403c-8026-4e7be33cf348"::/v1/api/shop/login::3221b772-923b-4aab-a8cb-b09cf7d4c4f1::An error occurred::"{\n  \"resMessage\": \"401 - 3ms - RESPONSE: \\\"Not exist this account\\\"\"\n}"
2024-10-13 20:05:23.026 PM::info::"f5cbdcd7-9cf6-403c-8026-4e7be33cf348"::/v1/api/shop/login::9931564d-a48e-48e0-84eb-076dcf211f63::Request received::"{\n  \"email\": \"test@gmail.com\",\n  \"password\": \"123456\"\n}"
2024-10-13 20:05:23.031 PM::error::"f5cbdcd7-9cf6-403c-8026-4e7be33cf348"::/v1/api/shop/login::9931564d-a48e-48e0-84eb-076dcf211f63::An error occurred::"{\n  \"resMessage\": \"401 - 0ms - RESPONSE: \\\"Not exist this account\\\"\"\n}"
2024-10-13 20:06:34.362 PM::info::"275ec014-ca0a-4443-8894-44b11c564eb9"::/v1/api/shop/login::c8289174-2101-4eb2-a891-fa026fc4f34e::Request received::"{\n  \"email\": \"test@gmail.com\",\n  \"password\": \"123456\"\n}"
2024-10-13 20:06:34.477 PM::error::"275ec014-ca0a-4443-8894-44b11c564eb9"::/v1/api/shop/login::c8289174-2101-4eb2-a891-fa026fc4f34e::An error occurred::"{\n  \"resMessage\": \"401 - 2ms - RESPONSE: \\\"Not exist this account\\\"\"\n}"
2024-10-13 20:07:18.651 PM::info::"2204a279-27ab-40ec-8b61-272e3825b97c"::/v1/api/shop/login::4e8f4a23-6d73-4171-82f7-f2bf1451efed::Request received::"{\n  \"email\": \"test@gmail.com\",\n  \"password\": \"123456\"\n}"
2024-10-13 20:07:18.670 PM::error::"2204a279-27ab-40ec-8b61-272e3825b97c"::/v1/api/shop/login::4e8f4a23-6d73-4171-82f7-f2bf1451efed::An error occurred::"{\n  \"resMessage\": \"undefined - NaNms - RESPONSE: \\\"userId is not defined\\\"\"\n}"
2024-10-13 20:16:32.172 PM::info::"e6a9b007-174c-4924-b486-46a3f3af4e18"::/v1/api/shop/login::4fc30020-b59a-4095-a1c1-5922f4780840::Request received::"{\n  \"email\": \"test@gmail.com\",\n  \"password\": \"123456\"\n}"
2024-10-13 20:16:32.229 PM::error::"e6a9b007-174c-4924-b486-46a3f3af4e18"::/v1/api/shop/login::4fc30020-b59a-4095-a1c1-5922f4780840::An error occurred::"{\n  \"resMessage\": \"401 - 13ms - RESPONSE: \\\"Not exist this account\\\"\"\n}"
2024-10-13 20:16:57.679 PM::info::"e6a9b007-174c-4924-b486-46a3f3af4e18"::/v1/api/shop/login::255d7b7e-5dc8-4b5a-8bce-00ce8be1092d::Request received::"{\n  \"email\": \"test@gmail.com\",\n  \"password\": \"123456\"\n}"
2024-10-13 20:16:57.707 PM::error::"e6a9b007-174c-4924-b486-46a3f3af4e18"::/v1/api/shop/login::255d7b7e-5dc8-4b5a-8bce-00ce8be1092d::An error occurred::"{\n  \"resMessage\": \"401 - 2ms - RESPONSE: \\\"Invalid Request!\\\"\"\n}"
2024-10-13 20:17:04.465 PM::info::"e6a9b007-174c-4924-b486-46a3f3af4e18"::/v1/api/shop/login::75a5b93a-8cc3-45e9-b4ab-0cda7627bc84::Request received::"{\n  \"email\": \"test@gmail.com\",\n  \"password\": \"123456\"\n}"
2024-10-13 20:17:04.483 PM::error::"e6a9b007-174c-4924-b486-46a3f3af4e18"::/v1/api/shop/login::75a5b93a-8cc3-45e9-b4ab-0cda7627bc84::An error occurred::"{\n  \"resMessage\": \"401 - 1ms - RESPONSE: \\\"Invalid Request!\\\"\"\n}"
2024-10-13 20:20:34.328 PM::info::"d54ca9e7-1cd9-469e-abc4-cd6ef780587d"::/v1/api/shop/login::7816cfdb-8337-451c-a723-52062f7e4055::Request received::"{\n  \"email\": \"test@gmail.com\",\n  \"password\": \"123456\"\n}"
2024-10-13 20:21:01.742 PM::info::"d54ca9e7-1cd9-469e-abc4-cd6ef780587d"::/v1/api/shop/change-password::308bbc59-aba4-4ea4-aa5b-45a41bf74ed2::Request received::"{}"
2024-10-13 20:21:01.768 PM::error::"d54ca9e7-1cd9-469e-abc4-cd6ef780587d"::/v1/api/shop/change-password::308bbc59-aba4-4ea4-aa5b-45a41bf74ed2::An error occurred::"{\n  \"resMessage\": \"undefined - NaNms - RESPONSE: \\\"data and hash must be strings\\\"\"\n}"
2024-10-13 20:21:36.496 PM::info::"d54ca9e7-1cd9-469e-abc4-cd6ef780587d"::/v1/api/shop/change-password::abcb9461-03af-413d-8fc0-2c221ec8666c::Request received::"{}"
2024-10-13 20:21:40.383 PM::info::"d54ca9e7-1cd9-469e-abc4-cd6ef780587d"::/v1/api/shop/login::2bba3e1b-9f2f-4b0f-b597-d12018d5b903::Request received::"{\n  \"email\": \"test@gmail.com\",\n  \"password\": \"123456\"\n}"
2024-10-13 20:21:48.823 PM::info::"d54ca9e7-1cd9-469e-abc4-cd6ef780587d"::/v1/api/shop/login::e649626b-5300-4102-9f61-4ee857b17815::Request received::"{\n  \"email\": \"test@gmail.com\",\n  \"password\": \"123456\"\n}"
2024-10-13 20:21:51.073 PM::info::"d54ca9e7-1cd9-469e-abc4-cd6ef780587d"::/v1/api/shop/login::31ca4784-2eed-4f7e-9618-24beceb2c9e0::Request received::"{\n  \"email\": \"test@gmail.com\",\n  \"password\": \"1234c56\"\n}"
2024-10-13 20:22:05.595 PM::info::"d54ca9e7-1cd9-469e-abc4-cd6ef780587d"::/v1/api/shop/login::6f15f2c8-25c6-414c-9e0d-e4cc7ab44e6c::Request received::"{\n  \"email\": \"test@gmail.com\",\n  \"password\": \"ddddd\"\n}"
2024-10-13 20:22:07.072 PM::info::"d54ca9e7-1cd9-469e-abc4-cd6ef780587d"::/v1/api/shop/login::9f096e9d-5f8a-4e45-bc73-4ae94727a9ea::Request received::"{\n  \"email\": \"test@gmail.com\",\n  \"password\": \"ddddd\"\n}"
2024-10-13 20:22:08.204 PM::info::"d54ca9e7-1cd9-469e-abc4-cd6ef780587d"::/v1/api/shop/login::a54a444d-801e-4bc8-a362-9cf4af5ee9bd::Request received::"{\n  \"email\": \"test@gmail.com\",\n  \"password\": \"ddddd\"\n}"
2024-10-13 20:22:09.590 PM::info::"d54ca9e7-1cd9-469e-abc4-cd6ef780587d"::/v1/api/shop/login::ef6c7b96-a119-48de-ab14-e9c83f0c778c::Request received::"{\n  \"email\": \"test@gmail.com\",\n  \"password\": \"ddddd\"\n}"
2024-10-13 20:22:10.681 PM::info::"d54ca9e7-1cd9-469e-abc4-cd6ef780587d"::/v1/api/shop/login::c1bbe6de-2a63-4dee-95bf-d361c213354f::Request received::"{\n  \"email\": \"test@gmail.com\",\n  \"password\": \"ddddd\"\n}"
2024-10-13 20:26:10.438 PM::info::"1b961746-4085-4601-835b-e286e8c65720"::/v1/api/shop/login::3bfe0d8d-5c8a-4e65-b29e-ddd15531a967::Request received::"{\n  \"email\": \"test@gmail.com\",\n  \"password\": \"ddddd\"\n}"
2024-10-13 20:26:10.655 PM::error::"1b961746-4085-4601-835b-e286e8c65720"::/v1/api/shop/login::3bfe0d8d-5c8a-4e65-b29e-ddd15531a967::An error occurred::"{\n  \"resMessage\": \"401 - 1ms - RESPONSE: \\\"Authentiacaion error\\\"\"\n}"
2024-10-13 20:26:26.607 PM::info::"1b961746-4085-4601-835b-e286e8c65720"::/v1/api/shop/login::15221d0c-208a-42ba-8040-7058a54f90c2::Request received::"{\n  \"email\": \"test@gmail.com\",\n  \"password\": \"123456\"\n}"
2024-10-13 20:26:26.770 PM::error::"1b961746-4085-4601-835b-e286e8c65720"::/v1/api/shop/login::15221d0c-208a-42ba-8040-7058a54f90c2::An error occurred::"{\n  \"resMessage\": \"401 - 2ms - RESPONSE: \\\"Authentiacaion error\\\"\"\n}"
2024-10-13 20:26:31.223 PM::info::"1b961746-4085-4601-835b-e286e8c65720"::/v1/api/shop/login::363e6573-49eb-457c-9e93-951107653535::Request received::"{\n  \"email\": \"test@gmail.com\",\n  \"password\": \"654321\"\n}"
2024-10-13 20:55:49.403 PM::info::"ca804eb9-f8c4-431f-aaf0-469a3637315e"::/v1/api/shop/login::ddeef399-1ee8-4b08-8c63-34604c726ef9::Request received::"{\n  \"email\": \"test@gmail.com\",\n  \"password\": \"654321\"\n}"
2024-10-13 21:29:24.680 PM::info::"ca804eb9-f8c4-431f-aaf0-469a3637315e"::/v1/api/shop/login::1e109707-cbfa-4e7b-be33-b0e11dfc34cc::Request received::"{\n  \"email\": \"test@gmail.com\",\n  \"password\": \"654321\"\n}"
2024-10-13 21:40:26.120 PM::info::"ca804eb9-f8c4-431f-aaf0-469a3637315e"::/v1/api/product/sku/select_variation::5e78c213-a446-4753-bd37-c560cf66c38b::Request received::"{}"
2024-10-13 21:41:02.731 PM::info::"ca804eb9-f8c4-431f-aaf0-469a3637315e"::/v1/api/product/sku/select_variation::80d4cab8-65c3-440a-9dcc-660a443e6947::Request received::"{}"
2024-10-13 21:41:07.640 PM::info::"ca804eb9-f8c4-431f-aaf0-469a3637315e"::/v1/api/product/sku/select_variation::b4f12bdc-9b35-4123-a2f2-a1088e94c4e5::Request received::"{}"
2024-10-13 21:41:31.410 PM::info::"eea37c02-ab44-4ec3-a976-1ec89dd9c181"::/v1/api/product/sku/select_variation::d219a178-bf5d-4803-9957-e9fb20f08c4b::Request received::"{}"
2024-10-13 21:43:58.691 PM::info::"5c84d5f0-2e8a-41c0-93db-abdb4da6d772"::/v1/api/product/sku/select_variation::7e5e38a3-0a32-450d-8fb1-0cf440b1545b::Request received::"{}"
2024-10-13 21:46:03.928 PM::info::"5c84d5f0-2e8a-41c0-93db-abdb4da6d772"::/v1/api/product/sku/select_variation::f22184db-a5d6-417c-a61c-e48ff2f2d5a5::Request received::"{}"
2024-10-13 21:46:03.977 PM::error::"5c84d5f0-2e8a-41c0-93db-abdb4da6d772"::/v1/api/product/sku/select_variation::f22184db-a5d6-417c-a61c-e48ff2f2d5a5::An error occurred::"{\n  \"resMessage\": \"undefined - NaNms - RESPONSE: \\\"jwt expired\\\"\"\n}"
2024-10-13 21:46:12.030 PM::info::"5c84d5f0-2e8a-41c0-93db-abdb4da6d772"::/v1/api/shop/login::626da8ef-c0bf-4f2e-aed0-88849728c9d8::Request received::"{\n  \"email\": \"test@gmail.com\",\n  \"password\": \"654321\"\n}"
2024-10-13 21:46:25.116 PM::info::"5c84d5f0-2e8a-41c0-93db-abdb4da6d772"::/v1/api/product/sku/select_variation::6f1a8f5a-b6b9-48c4-a48e-b5e7b77d0cd1::Request received::"{}"
2024-10-13 21:47:54.562 PM::info::"5c84d5f0-2e8a-41c0-93db-abdb4da6d772"::/v1/api/product/sku/select_variation::8d68e1a0-721f-4a30-aada-78584c40d552::Request received::"{\n  \"sku_id\": \"859044.459768\",\n  \"product_id\": \"859044\"\n}"
2024-10-13 21:48:34.934 PM::info::"5c84d5f0-2e8a-41c0-93db-abdb4da6d772"::/v1/api/product/sku/select_variation::a5fc3aad-9ab2-48c9-978b-0b784a9acaae::Request received::"{\n  \"sku_id\": \"859044.459768\",\n  \"product_id\": \"859044\"\n}"
2024-10-13 21:48:58.817 PM::info::"5c84d5f0-2e8a-41c0-93db-abdb4da6d772"::/v1/api/product/sku/select_variation::07b4c7ff-ea27-4c4f-a093-46595777dcf1::Request received::"{\n  \"sku_id\": \"859044.459768\",\n  \"product_id\": \"859044\"\n}"
2024-10-13 21:49:03.105 PM::info::"5c84d5f0-2e8a-41c0-93db-abdb4da6d772"::/v1/api/product/sku/select_variation::e9e65086-4c66-42ec-afea-987eac24c7f0::Request received::"{\n  \"sku_id\": \"859044.459768\",\n  \"product_id\": \"859044\"\n}"
2024-10-13 21:52:16.301 PM::info::"5c84d5f0-2e8a-41c0-93db-abdb4da6d772"::/v1/api/product/sku/select_variation::eba5cdf8-a1e8-4dff-8e39-c138ddb3fac4::Request received::"{\n  \"sku_id\": \"859044.459768\",\n  \"product_id\": \"859044\"\n}"
2024-10-13 21:52:22.624 PM::info::"5c84d5f0-2e8a-41c0-93db-abdb4da6d772"::/v1/api/product/sku/select_variation::5f5137da-f188-475d-98c5-56698f9cfe3b::Request received::"{\n  \"sku_id\": \"859044.459768\",\n  \"product_id\": \"859044\"\n}"
2024-10-13 21:52:24.323 PM::info::"5c84d5f0-2e8a-41c0-93db-abdb4da6d772"::/v1/api/product/sku/select_variation::707b7dc0-95f0-45cb-b53f-372d0d438c2a::Request received::"{\n  \"sku_id\": \"859044.459768\",\n  \"product_id\": \"859044\"\n}"
