2024-10-13 16:59:37.073 PM::error::"dd43a3da-9b41-40e2-ad2f-f2c081e8867f"::/v1/api/shop/signup::9c257916-8094-48d7-84f0-35d58cff6d1f::An error occurred::"{\n  \"resMessage\": \"undefined - NaNms - RESPONSE: \\\"fn is not a function\\\"\"\n}"
2024-10-13 16:59:37.086 PM::error::"09e371bf-c91a-482c-81ff-379c0b975978"::/v1/api/shop/signup::ff4a930f-1f81-420e-83a5-e63106044fe2::An error occurred::"{\n  \"resMessage\": \"undefined - NaNms - RESPONSE: \\\"fn is not a function\\\"\"\n}"
2024-10-13 16:59:37.092 PM::error::"bb18cbff-d3c6-42c1-afb6-195caa3baf77"::/v1/api/shop/signup::4023c9ff-a4a4-451d-928f-1ac3c3825383::An error occurred::"{\n  \"resMessage\": \"undefined - NaNms - RESPONSE: \\\"fn is not a function\\\"\"\n}"
2024-10-13 16:59:37.221 PM::error::"bb18cbff-d3c6-42c1-afb6-195caa3baf77"::/v1/api/shop/signup::f89653f4-c0b8-465a-8817-8bebd809113a::An error occurred::"{\n  \"resMessage\": \"undefined - NaNms - RESPONSE: \\\"fn is not a function\\\"\"\n}"
2024-10-13 19:20:39.130 PM::error::"4e53112f-e33a-4f7c-bd40-ea24d46787ab"::/v1/api/shop/signup::6be6c462-98fa-4b28-9bce-e64ad7f27006::An error occurred::"{\n  \"resMessage\": \"undefined - NaNms - RESPONSE: \\\"Shop is not defined\\\"\"\n}"
2024-10-13 19:20:39.288 PM::error::"4e53112f-e33a-4f7c-bd40-ea24d46787ab"::/v1/api/shop/signup::e69f9517-2714-4b3a-bf17-d49353d29abd::An error occurred::"{\n  \"resMessage\": \"undefined - NaNms - RESPONSE: \\\"Shop is not defined\\\"\"\n}"
2024-10-13 19:23:39.376 PM::error::"598922e2-5b39-476b-a2aa-fb78a5988afc"::/v1/api/shop/login::a81905de-c23b-48a2-ad82-27803ef1ca66::An error occurred::"{\n  \"resMessage\": \"403 - 0ms - RESPONSE: \\\"Error: Shop not registered!\\\"\"\n}"
2024-10-13 19:24:07.620 PM::error::"598922e2-5b39-476b-a2aa-fb78a5988afc"::/v1/api/shop/signup::88b9289d-6c72-414d-87f0-f24dc4ff09dd::An error occurred::"{\n  \"resMessage\": \"undefined - NaNms - RESPONSE: \\\"Shop is not defined\\\"\"\n}"
2024-10-13 19:25:46.356 PM::error::"598922e2-5b39-476b-a2aa-fb78a5988afc"::/v1/api/shop/signup::388d7dd3-3586-4222-a950-c48876785497::An error occurred::"{\n  \"resMessage\": \"undefined - NaNms - RESPONSE: \\\"Shop is not defined\\\"\"\n}"
2024-10-13 19:32:53.568 PM::error::"756eb0ec-34ce-4a61-8f4c-4098bd0e0f3a"::/v1/api/product/spu/new::f7bf628c-273b-43cc-8bee-628ab4462a51::An error occurred::"{\n  \"resMessage\": \"400 - NaNms - RESPONSE: \\\"Unexpected token '}', ...\\\\\\\"\\\\r\\\\n        }\\\\r\\\\n    ]\\\\r\\\\n\\\\\\\"... is not valid JSON\\\"\"\n}"
2024-10-13 19:34:20.594 PM::error::"6df9146b-3cbc-4d69-a037-21a377f010d6"::/v1/api/shop/signup::f764013f-5d23-4a38-803b-135d9e66b67f::An error occurred::"{\n  \"resMessage\": \"undefined - NaNms - RESPONSE: \\\"Shop is not defined\\\"\"\n}"
2024-10-13 19:39:47.411 PM::error::"6df9146b-3cbc-4d69-a037-21a377f010d6"::/v1/api/shop/signup::04682e29-5029-471f-ab1a-f9c19ce3fc53::An error occurred::"{\n  \"resMessage\": \"undefined - NaNms - RESPONSE: \\\"Shop is not defined\\\"\"\n}"
2024-10-13 19:40:26.623 PM::error::"b4364bf7-03dc-41fa-9fdb-5b9050f868b5"::/v1/api/shop/signup::dd9674fd-5a15-4c3d-9413-23c8b76bcdb7::An error occurred::"{\n  \"resMessage\": \"403 - 1ms - RESPONSE: \\\"Error: Shop already registered!\\\"\"\n}"
2024-10-13 19:40:32.264 PM::error::"b4364bf7-03dc-41fa-9fdb-5b9050f868b5"::/v1/api/user/signup::87b2dbe8-c967-460f-88f8-a8fee166d477::An error occurred::"{\n  \"resMessage\": \"undefined - NaNms - RESPONSE: \\\"email is not defined\\\"\"\n}"
2024-10-13 20:03:14.670 PM::error::"f5cbdcd7-9cf6-403c-8026-4e7be33cf348"::/v1/api/shop/change-password::4635e6e7-46d3-46c2-ba21-5e78eb18f619::An error occurred::"{\n  \"resMessage\": \"undefined - NaNms - RESPONSE: \\\"invalid signature\\\"\"\n}"
2024-10-13 20:04:58.182 PM::error::"f5cbdcd7-9cf6-403c-8026-4e7be33cf348"::/v1/api/shop/login::3221b772-923b-4aab-a8cb-b09cf7d4c4f1::An error occurred::"{\n  \"resMessage\": \"401 - 3ms - RESPONSE: \\\"Not exist this account\\\"\"\n}"
2024-10-13 20:05:23.032 PM::error::"f5cbdcd7-9cf6-403c-8026-4e7be33cf348"::/v1/api/shop/login::9931564d-a48e-48e0-84eb-076dcf211f63::An error occurred::"{\n  \"resMessage\": \"401 - 0ms - RESPONSE: \\\"Not exist this account\\\"\"\n}"
2024-10-13 20:06:34.478 PM::error::"275ec014-ca0a-4443-8894-44b11c564eb9"::/v1/api/shop/login::c8289174-2101-4eb2-a891-fa026fc4f34e::An error occurred::"{\n  \"resMessage\": \"401 - 2ms - RESPONSE: \\\"Not exist this account\\\"\"\n}"
2024-10-13 20:07:18.670 PM::error::"2204a279-27ab-40ec-8b61-272e3825b97c"::/v1/api/shop/login::4e8f4a23-6d73-4171-82f7-f2bf1451efed::An error occurred::"{\n  \"resMessage\": \"undefined - NaNms - RESPONSE: \\\"userId is not defined\\\"\"\n}"
2024-10-13 20:16:32.230 PM::error::"e6a9b007-174c-4924-b486-46a3f3af4e18"::/v1/api/shop/login::4fc30020-b59a-4095-a1c1-5922f4780840::An error occurred::"{\n  \"resMessage\": \"401 - 13ms - RESPONSE: \\\"Not exist this account\\\"\"\n}"
2024-10-13 20:16:57.708 PM::error::"e6a9b007-174c-4924-b486-46a3f3af4e18"::/v1/api/shop/login::255d7b7e-5dc8-4b5a-8bce-00ce8be1092d::An error occurred::"{\n  \"resMessage\": \"401 - 2ms - RESPONSE: \\\"Invalid Request!\\\"\"\n}"
2024-10-13 20:17:04.484 PM::error::"e6a9b007-174c-4924-b486-46a3f3af4e18"::/v1/api/shop/login::75a5b93a-8cc3-45e9-b4ab-0cda7627bc84::An error occurred::"{\n  \"resMessage\": \"401 - 1ms - RESPONSE: \\\"Invalid Request!\\\"\"\n}"
2024-10-13 20:21:01.768 PM::error::"d54ca9e7-1cd9-469e-abc4-cd6ef780587d"::/v1/api/shop/change-password::308bbc59-aba4-4ea4-aa5b-45a41bf74ed2::An error occurred::"{\n  \"resMessage\": \"undefined - NaNms - RESPONSE: \\\"data and hash must be strings\\\"\"\n}"
2024-10-13 20:26:10.655 PM::error::"1b961746-4085-4601-835b-e286e8c65720"::/v1/api/shop/login::3bfe0d8d-5c8a-4e65-b29e-ddd15531a967::An error occurred::"{\n  \"resMessage\": \"401 - 1ms - RESPONSE: \\\"Authentiacaion error\\\"\"\n}"
2024-10-13 20:26:26.771 PM::error::"1b961746-4085-4601-835b-e286e8c65720"::/v1/api/shop/login::15221d0c-208a-42ba-8040-7058a54f90c2::An error occurred::"{\n  \"resMessage\": \"401 - 2ms - RESPONSE: \\\"Authentiacaion error\\\"\"\n}"
2024-10-13 21:46:03.978 PM::error::"5c84d5f0-2e8a-41c0-93db-abdb4da6d772"::/v1/api/product/sku/select_variation::f22184db-a5d6-417c-a61c-e48ff2f2d5a5::An error occurred::"{\n  \"resMessage\": \"undefined - NaNms - RESPONSE: \\\"jwt expired\\\"\"\n}"
